This file contains any messages produced by compilers while
running configure, to aid debugging if configure makes a mistake.

It was created by swig configure 2.0.4, which was
generated by GNU Autoconf 2.65.  Invocation command line was

  $ ./configure --prefix=/opt/swig-svn-12570 --build=x86_64-pc-linux-gnu

## --------- ##
## Platform. ##
## --------- ##

hostname = virtub
uname -m = x86_64
uname -r = 2.6.32-29-generic
uname -s = Linux
uname -v = #58-Ubuntu SMP Fri Feb 11 20:52:10 UTC 2011

/usr/bin/uname -p = unknown
/bin/uname -X     = unknown

/bin/arch              = unknown
/usr/bin/arch -k       = unknown
/usr/convex/getsysinfo = unknown
/usr/bin/hostinfo      = unknown
/bin/machine           = unknown
/usr/bin/oslevel       = unknown
/bin/universe          = unknown

PATH: /home/jaten/dj/bin
PATH: /opt/zerobugs/bin
PATH: /home/jaten/pkg/llvm28/llvm-2.8/tools/ldc2/bin
PATH: /home/jaten/pkg/llvm28/install/bin
PATH: /home/jaten/pkg/latest-svn-llvm/llvm-build-r124349-with-lldb/tools/ldc2/bin
PATH: /home/jaten/pkg/latest-svn-llvm/llvm-build-r124349-with-lldb/Debug+Profile+Asserts+Checks/bin
PATH: /opt/cmucl-2011-03-x86-binaries/bin
PATH: /home/jaten/pkg/tundra
PATH: /usr/local/bin
PATH: /usr/local/cuda/bin
PATH: /home/jaten/.cabal/bin
PATH: /home/jaten/uns/bin
PATH: /home/jaten/pkg/tundra
PATH: /usr/local/bin
PATH: /usr/local/cuda/bin
PATH: /home/jaten/.cabal/bin
PATH: /home/jaten/uns/bin
PATH: /home/jaten/dj/bin
PATH: /opt/zerobugs/bin
PATH: /home/jaten/pkg/llvm28/llvm-2.8/tools/ldc2/bin
PATH: /home/jaten/pkg/llvm28/install/bin
PATH: /home/jaten/pkg/latest-svn-llvm/llvm-build-r124349-with-lldb/tools/ldc2/bin
PATH: /home/jaten/pkg/latest-svn-llvm/llvm-build-r124349-with-lldb/Debug+Profile+Asserts+Checks/bin
PATH: /home/jaten/pkg/tundra
PATH: /usr/local/bin
PATH: /usr/local/cuda/bin
PATH: /home/jaten/.cabal/bin
PATH: /home/jaten/uns/bin
PATH: /usr/local/sbin
PATH: /usr/local/bin
PATH: /usr/sbin
PATH: /usr/bin
PATH: /sbin
PATH: /bin
PATH: /usr/games
PATH: /usr/local/Gambit-C/bin
PATH: /usr/local/Gambit-C/bin
PATH: /usr/local/Gambit-C/bin


## ----------- ##
## Core tests. ##
## ----------- ##

configure:2593: checking build system type
configure:2607: result: x86_64-pc-linux-gnu
configure:2627: checking host system type
configure:2640: result: x86_64-pc-linux-gnu
configure:2675: checking for a BSD-compatible install
configure:2743: result: /usr/bin/install -c
configure:2754: checking whether build environment is sane
configure:2791: result: yes
configure:2853: checking for gawk
configure:2869: found /usr/bin/gawk
configure:2880: result: gawk
configure:2891: checking whether make sets $(MAKE)
configure:2913: result: yes
configure:3142: checking for gcc
configure:3158: found /usr/bin/gcc
configure:3169: result: gcc
configure:3398: checking for C compiler version
configure:3407: gcc --version >&5
gcc (Ubuntu 4.4.3-4ubuntu5) 4.4.3
Copyright (C) 2009 Free Software Foundation, Inc.
This is free software; see the source for copying conditions.  There is NO
warranty; not even for MERCHANTABILITY or FITNESS FOR A PARTICULAR PURPOSE.

configure:3418: $? = 0
configure:3407: gcc -v >&5
Using built-in specs.
Target: x86_64-linux-gnu
Configured with: ../src/configure -v --with-pkgversion='Ubuntu 4.4.3-4ubuntu5' --with-bugurl=file:///usr/share/doc/gcc-4.4/README.Bugs --enable-languages=c,c++,fortran,objc,obj-c++ --prefix=/usr --enable-shared --enable-multiarch --enable-linker-build-id --with-system-zlib --libexecdir=/usr/lib --without-included-gettext --enable-threads=posix --with-gxx-include-dir=/usr/include/c++/4.4 --program-suffix=-4.4 --enable-nls --enable-clocale=gnu --enable-libstdcxx-debug --enable-plugin --enable-objc-gc --disable-werror --with-arch-32=i486 --with-tune=generic --enable-checking=release --build=x86_64-linux-gnu --host=x86_64-linux-gnu --target=x86_64-linux-gnu
Thread model: posix
gcc version 4.4.3 (Ubuntu 4.4.3-4ubuntu5) 
configure:3418: $? = 0
configure:3407: gcc -V >&5
gcc: '-V' option must have argument
configure:3418: $? = 1
configure:3407: gcc -qversion >&5
gcc: unrecognized option '-qversion'
gcc: no input files
configure:3418: $? = 1
configure:3438: checking whether the C compiler works
configure:3460: gcc -DCFFI_WRAP_DEBUG -g -DCFFI_WRAP_DEBUG -g  conftest.c  >&5
configure:3464: $? = 0
configure:3513: result: yes
configure:3516: checking for C compiler default output file name
configure:3518: result: a.out
configure:3524: checking for suffix of executables
configure:3531: gcc -o conftest -DCFFI_WRAP_DEBUG -g -DCFFI_WRAP_DEBUG -g  conftest.c  >&5
configure:3535: $? = 0
configure:3557: result: 
configure:3579: checking whether we are cross compiling
configure:3587: gcc -o conftest -DCFFI_WRAP_DEBUG -g -DCFFI_WRAP_DEBUG -g  conftest.c  >&5
configure:3591: $? = 0
configure:3598: ./conftest
configure:3602: $? = 0
configure:3617: result: no
configure:3622: checking for suffix of object files
configure:3644: gcc -c -DCFFI_WRAP_DEBUG -g -DCFFI_WRAP_DEBUG -g conftest.c >&5
configure:3648: $? = 0
configure:3669: result: o
configure:3673: checking whether we are using the GNU C compiler
configure:3692: gcc -c -DCFFI_WRAP_DEBUG -g -DCFFI_WRAP_DEBUG -g conftest.c >&5
configure:3692: $? = 0
configure:3701: result: yes
configure:3710: checking whether gcc accepts -g
configure:3730: gcc -c -g -DCFFI_WRAP_DEBUG -g conftest.c >&5
configure:3730: $? = 0
configure:3771: result: yes
configure:3788: checking for gcc option to accept ISO C89
configure:3852: gcc  -c -DCFFI_WRAP_DEBUG -g -DCFFI_WRAP_DEBUG -g conftest.c >&5
configure:3852: $? = 0
configure:3865: result: none needed
configure:3896: checking for style of include used by make
configure:3924: result: GNU
configure:3952: checking dependency style of gcc
configure:4042: result: gcc3
configure:4117: checking for g++
configure:4133: found /usr/bin/g++
configure:4144: result: g++
configure:4171: checking for C++ compiler version
configure:4180: g++ --version >&5
g++ (Ubuntu 4.4.3-4ubuntu5) 4.4.3
Copyright (C) 2009 Free Software Foundation, Inc.
This is free software; see the source for copying conditions.  There is NO
warranty; not even for MERCHANTABILITY or FITNESS FOR A PARTICULAR PURPOSE.

configure:4191: $? = 0
configure:4180: g++ -v >&5
Using built-in specs.
Target: x86_64-linux-gnu
Configured with: ../src/configure -v --with-pkgversion='Ubuntu 4.4.3-4ubuntu5' --with-bugurl=file:///usr/share/doc/gcc-4.4/README.Bugs --enable-languages=c,c++,fortran,objc,obj-c++ --prefix=/usr --enable-shared --enable-multiarch --enable-linker-build-id --with-system-zlib --libexecdir=/usr/lib --without-included-gettext --enable-threads=posix --with-gxx-include-dir=/usr/include/c++/4.4 --program-suffix=-4.4 --enable-nls --enable-clocale=gnu --enable-libstdcxx-debug --enable-plugin --enable-objc-gc --disable-werror --with-arch-32=i486 --with-tune=generic --enable-checking=release --build=x86_64-linux-gnu --host=x86_64-linux-gnu --target=x86_64-linux-gnu
Thread model: posix
gcc version 4.4.3 (Ubuntu 4.4.3-4ubuntu5) 
configure:4191: $? = 0
configure:4180: g++ -V >&5
g++: '-V' option must have argument
configure:4191: $? = 1
configure:4180: g++ -qversion >&5
g++: unrecognized option '-qversion'
g++: no input files
configure:4191: $? = 1
configure:4195: checking whether we are using the GNU C++ compiler
configure:4214: g++ -c -DCFFI_WRAP_DEBUG -g -DCFFI_WRAP_DEBUG -g conftest.cpp >&5
configure:4214: $? = 0
configure:4223: result: yes
configure:4232: checking whether g++ accepts -g
configure:4252: g++ -c -g -DCFFI_WRAP_DEBUG -g conftest.cpp >&5
configure:4252: $? = 0
configure:4293: result: yes
configure:4318: checking dependency style of g++
configure:4408: result: gcc3
configure:4428: checking whether gcc and cc understand -c and -o together
configure:4459: gcc -c conftest.c -o conftest2.o >&5
configure:4463: $? = 0
configure:4469: gcc -c conftest.c -o conftest2.o >&5
configure:4473: $? = 0
configure:4484: cc -c conftest.c >&5
configure:4488: $? = 0
configure:4496: cc -c conftest.c -o conftest2.o >&5
configure:4500: $? = 0
configure:4506: cc -c conftest.c -o conftest2.o >&5
configure:4510: $? = 0
configure:4528: result: yes
configure:4553: checking maximum warning verbosity option
configure:4591: result: -Wall -W -ansi -pedantic for C++ -Wall -W -ansi -pedantic for C
configure:4614: checking how to run the C preprocessor
configure:4645: gcc -E -DCFFI_WRAP_DEBUG -g conftest.c
configure:4645: $? = 0
configure:4659: gcc -E -DCFFI_WRAP_DEBUG -g conftest.c
conftest.c:13:28: error: ac_nonexistent.h: No such file or directory
configure:4659: $? = 1
configure: failed program was:
| /* confdefs.h */
| #define PACKAGE_NAME "swig"
| #define PACKAGE_TARNAME "swig"
| #define PACKAGE_VERSION "2.0.4"
| #define PACKAGE_STRING "swig 2.0.4"
| #define PACKAGE_BUGREPORT "http://www.swig.org"
| #define PACKAGE_URL ""
| #define PACKAGE "swig"
| #define VERSION "2.0.4"
| #define SWIG_CXX "g++"
| #define SWIG_PLATFORM "x86_64-pc-linux-gnu"
| /* end confdefs.h.  */
| #include <ac_nonexistent.h>
configure:4684: result: gcc -E
configure:4704: gcc -E -DCFFI_WRAP_DEBUG -g conftest.c
configure:4704: $? = 0
configure:4718: gcc -E -DCFFI_WRAP_DEBUG -g conftest.c
conftest.c:13:28: error: ac_nonexistent.h: No such file or directory
configure:4718: $? = 1
configure: failed program was:
| /* confdefs.h */
| #define PACKAGE_NAME "swig"
| #define PACKAGE_TARNAME "swig"
| #define PACKAGE_VERSION "2.0.4"
| #define PACKAGE_STRING "swig 2.0.4"
| #define PACKAGE_BUGREPORT "http://www.swig.org"
| #define PACKAGE_URL ""
| #define PACKAGE "swig"
| #define VERSION "2.0.4"
| #define SWIG_CXX "g++"
| #define SWIG_PLATFORM "x86_64-pc-linux-gnu"
| /* end confdefs.h.  */
| #include <ac_nonexistent.h>
configure:4747: checking for grep that handles long lines and -e
configure:4805: result: /bin/grep
configure:4810: checking for egrep
configure:4872: result: /bin/grep -E
configure:4877: checking for ANSI C header files
configure:4897: gcc -c -DCFFI_WRAP_DEBUG -g -Wall -W -ansi -pedantic -DCFFI_WRAP_DEBUG -g conftest.c >&5
configure:4897: $? = 0
configure:4970: gcc -o conftest -DCFFI_WRAP_DEBUG -g -Wall -W -ansi -pedantic -DCFFI_WRAP_DEBUG -g  conftest.c  >&5
configure:4970: $? = 0
configure:4970: ./conftest
configure:4970: $? = 0
configure:4981: result: yes
configure:5002: checking for sys/types.h
configure:5002: g++ -c -DCFFI_WRAP_DEBUG -g -Wall -W -ansi -pedantic -DCFFI_WRAP_DEBUG -g conftest.cpp >&5
configure:5002: $? = 0
configure:5002: result: yes
configure:5002: checking for sys/stat.h
configure:5002: g++ -c -DCFFI_WRAP_DEBUG -g -Wall -W -ansi -pedantic -DCFFI_WRAP_DEBUG -g conftest.cpp >&5
configure:5002: $? = 0
configure:5002: result: yes
configure:5002: checking for stdlib.h
configure:5002: g++ -c -DCFFI_WRAP_DEBUG -g -Wall -W -ansi -pedantic -DCFFI_WRAP_DEBUG -g conftest.cpp >&5
configure:5002: $? = 0
configure:5002: result: yes
configure:5002: checking for string.h
configure:5002: g++ -c -DCFFI_WRAP_DEBUG -g -Wall -W -ansi -pedantic -DCFFI_WRAP_DEBUG -g conftest.cpp >&5
configure:5002: $? = 0
configure:5002: result: yes
configure:5002: checking for memory.h
configure:5002: g++ -c -DCFFI_WRAP_DEBUG -g -Wall -W -ansi -pedantic -DCFFI_WRAP_DEBUG -g conftest.cpp >&5
configure:5002: $? = 0
configure:5002: result: yes
configure:5002: checking for strings.h
configure:5002: g++ -c -DCFFI_WRAP_DEBUG -g -Wall -W -ansi -pedantic -DCFFI_WRAP_DEBUG -g conftest.cpp >&5
configure:5002: $? = 0
configure:5002: result: yes
configure:5002: checking for inttypes.h
configure:5002: g++ -c -DCFFI_WRAP_DEBUG -g -Wall -W -ansi -pedantic -DCFFI_WRAP_DEBUG -g conftest.cpp >&5
configure:5002: $? = 0
configure:5002: result: yes
configure:5002: checking for stdint.h
configure:5002: g++ -c -DCFFI_WRAP_DEBUG -g -Wall -W -ansi -pedantic -DCFFI_WRAP_DEBUG -g conftest.cpp >&5
configure:5002: $? = 0
configure:5002: result: yes
configure:5002: checking for unistd.h
configure:5002: g++ -c -DCFFI_WRAP_DEBUG -g -Wall -W -ansi -pedantic -DCFFI_WRAP_DEBUG -g conftest.cpp >&5
configure:5002: $? = 0
configure:5002: result: yes
configure:5015: checking for bool
configure:5015: g++ -c -DCFFI_WRAP_DEBUG -g -Wall -W -ansi -pedantic -DCFFI_WRAP_DEBUG -g conftest.cpp >&5
configure:5015: $? = 0
configure:5015: g++ -c -DCFFI_WRAP_DEBUG -g -Wall -W -ansi -pedantic -DCFFI_WRAP_DEBUG -g conftest.cpp >&5
conftest.cpp: In function 'int main()':
conftest.cpp:59: error: expected primary-expression before 'bool'
conftest.cpp:59: error: expected ')' before 'bool'
conftest.cpp:60: error: expected ')' before ';' token
conftest.cpp:60: error: expected ')' before ';' token
conftest.cpp:60: warning: suggest braces around empty body in an 'if' statement
configure:5015: $? = 1
configure: failed program was:
| /* confdefs.h */
| #define PACKAGE_NAME "swig"
| #define PACKAGE_TARNAME "swig"
| #define PACKAGE_VERSION "2.0.4"
| #define PACKAGE_STRING "swig 2.0.4"
| #define PACKAGE_BUGREPORT "http://www.swig.org"
| #define PACKAGE_URL ""
| #define PACKAGE "swig"
| #define VERSION "2.0.4"
| #define SWIG_CXX "g++"
| #define SWIG_PLATFORM "x86_64-pc-linux-gnu"
| #define STDC_HEADERS 1
| #define HAVE_SYS_TYPES_H 1
| #define HAVE_SYS_STAT_H 1
| #define HAVE_STDLIB_H 1
| #define HAVE_STRING_H 1
| #define HAVE_MEMORY_H 1
| #define HAVE_STRINGS_H 1
| #define HAVE_INTTYPES_H 1
| #define HAVE_STDINT_H 1
| #define HAVE_UNISTD_H 1
| /* end confdefs.h.  */
| #include <stdio.h>
| #ifdef HAVE_SYS_TYPES_H
| # include <sys/types.h>
| #endif
| #ifdef HAVE_SYS_STAT_H
| # include <sys/stat.h>
| #endif
| #ifdef STDC_HEADERS
| # include <stdlib.h>
| # include <stddef.h>
| #else
| # ifdef HAVE_STDLIB_H
| #  include <stdlib.h>
| # endif
| #endif
| #ifdef HAVE_STRING_H
| # if !defined STDC_HEADERS && defined HAVE_MEMORY_H
| #  include <memory.h>
| # endif
| # include <string.h>
| #endif
| #ifdef HAVE_STRINGS_H
| # include <strings.h>
| #endif
| #ifdef HAVE_INTTYPES_H
| # include <inttypes.h>
| #endif
| #ifdef HAVE_STDINT_H
| # include <stdint.h>
| #endif
| #ifdef HAVE_UNISTD_H
| # include <unistd.h>
| #endif
| int
| main ()
| {
| if (sizeof ((bool)))
| 	    return 0;
|   ;
|   return 0;
| }
configure:5015: result: yes
configure:5042: checking for popen
configure:5042: gcc -o conftest -DCFFI_WRAP_DEBUG -g -Wall -W -ansi -pedantic -DCFFI_WRAP_DEBUG -g  conftest.c  >&5
configure:5042: $? = 0
configure:5042: result: yes
configure:5066: checking whether to enable PCRE support
configure:5068: result: yes
configure:5072: checking whether to use local PCRE
configure:5081: result: no
configure:5084: checking for a sed that does not truncate output
configure:5148: result: /bin/sed
configure:5218: checking for pcre-config
configure:5236: found /usr/bin/pcre-config
configure:5248: result: /usr/bin/pcre-config
configure:5418: checking whether to enable ccache-swig
configure:5420: result: yes
configure:5442: checking for bison
configure:5458: found /usr/bin/bison
configure:5469: result: bison -y
configure:5524: checking for ranlib
configure:5540: found /usr/bin/ranlib
configure:5551: result: ranlib
configure:5577: checking for ar
configure:5593: found /usr/bin/ar
configure:5604: result: ar
configure:5621: checking for yodl2man
configure:5637: found /usr/bin/yodl2man
configure:5648: result: yodl2man
configure:5663: checking for yodl2html
configure:5679: found /usr/bin/yodl2html
configure:5690: result: yodl2html
configure:5757: checking for boostlib >= 1.20.0
configure:5826: g++ -c -DCFFI_WRAP_DEBUG -g -Wall -W -ansi -pedantic -DCFFI_WRAP_DEBUG -g  -I/usr/include conftest.cpp >&5
configure:5826: $? = 0
configure:5828: result: yes
configure:5986: checking SO
configure:5997: result: .so
configure:6004: checking LDSHARED
configure:6053: result: gcc -shared
configure:6059: checking CXXSHARED
configure:6065: result: gcc -shared
configure:6069: checking TRYLINKINGWITHCXX
configure:6094: result: CXXSHARED= g++ -shared 
configure:6098: checking CCSHARED
configure:6117: result: -fpic
configure:6121: checking RPATH
configure:6132: result: -Xlinker -rpath $(exec_prefix)/lib -Xlinker -rpath .
configure:6138: checking LINKFORSHARED
configure:6152: result: -Xlinker -export-dynamic
configure:6156: checking PLATFLAGS
configure:6166: result: 
configure:6219: checking for dlopen in -ldl
configure:6244: gcc -o conftest -DCFFI_WRAP_DEBUG -g -Wall -W -ansi -pedantic -DCFFI_WRAP_DEBUG -g   conftest.c -ldl   -L/usr/lib -lpcre >&5
configure:6244: $? = 0
configure:6253: result: yes
configure:6264: checking for shl_load in -ldld
configure:6289: gcc -o conftest -DCFFI_WRAP_DEBUG -g -Wall -W -ansi -pedantic -DCFFI_WRAP_DEBUG -g   conftest.c -ldld  -ldl  -L/usr/lib -lpcre >&5
/usr/bin/ld: cannot find -ldld
collect2: ld returned 1 exit status
configure:6289: $? = 1
configure: failed program was:
| /* confdefs.h */
| #define PACKAGE_NAME "swig"
| #define PACKAGE_TARNAME "swig"
| #define PACKAGE_VERSION "2.0.4"
| #define PACKAGE_STRING "swig 2.0.4"
| #define PACKAGE_BUGREPORT "http://www.swig.org"
| #define PACKAGE_URL ""
| #define PACKAGE "swig"
| #define VERSION "2.0.4"
| #define SWIG_CXX "g++"
| #define SWIG_PLATFORM "x86_64-pc-linux-gnu"
| #define STDC_HEADERS 1
| #define HAVE_SYS_TYPES_H 1
| #define HAVE_SYS_STAT_H 1
| #define HAVE_STDLIB_H 1
| #define HAVE_STRING_H 1
| #define HAVE_MEMORY_H 1
| #define HAVE_STRINGS_H 1
| #define HAVE_INTTYPES_H 1
| #define HAVE_STDINT_H 1
| #define HAVE_UNISTD_H 1
| #define HAVE_BOOL 1
| #define HAVE_POPEN 1
| #define HAVE_PCRE 1
| #define HAVE_BOOST /**/
| #define HAVE_LIBDL 1
| /* end confdefs.h.  */
| 
| /* Override any GCC internal prototype to avoid an error.
|    Use char because int might match the return type of a GCC
|    builtin and then its argument prototype would still apply.  */
| #ifdef __cplusplus
| extern "C"
| #endif
| char shl_load ();
| int
| main ()
| {
| return shl_load ();
|   ;
|   return 0;
| }
configure:6298: result: no
configure:6310: checking for library containing t_open
configure:6341: gcc -o conftest -DCFFI_WRAP_DEBUG -g -Wall -W -ansi -pedantic -DCFFI_WRAP_DEBUG -g   conftest.c -ldl  -L/usr/lib -lpcre >&5
/tmp/ccEwwsil.o: In function `main':
/home/jaten/pkg/swig/svn-latest/swig/conftest.c:39: undefined reference to `t_open'
collect2: ld returned 1 exit status
configure:6341: $? = 1
configure: failed program was:
| /* confdefs.h */
| #define PACKAGE_NAME "swig"
| #define PACKAGE_TARNAME "swig"
| #define PACKAGE_VERSION "2.0.4"
| #define PACKAGE_STRING "swig 2.0.4"
| #define PACKAGE_BUGREPORT "http://www.swig.org"
| #define PACKAGE_URL ""
| #define PACKAGE "swig"
| #define VERSION "2.0.4"
| #define SWIG_CXX "g++"
| #define SWIG_PLATFORM "x86_64-pc-linux-gnu"
| #define STDC_HEADERS 1
| #define HAVE_SYS_TYPES_H 1
| #define HAVE_SYS_STAT_H 1
| #define HAVE_STDLIB_H 1
| #define HAVE_STRING_H 1
| #define HAVE_MEMORY_H 1
| #define HAVE_STRINGS_H 1
| #define HAVE_INTTYPES_H 1
| #define HAVE_STDINT_H 1
| #define HAVE_UNISTD_H 1
| #define HAVE_BOOL 1
| #define HAVE_POPEN 1
| #define HAVE_PCRE 1
| #define HAVE_BOOST /**/
| #define HAVE_LIBDL 1
| /* end confdefs.h.  */
| 
| /* Override any GCC internal prototype to avoid an error.
|    Use char because int might match the return type of a GCC
|    builtin and then its argument prototype would still apply.  */
| #ifdef __cplusplus
| extern "C"
| #endif
| char t_open ();
| int
| main ()
| {
| return t_open ();
|   ;
|   return 0;
| }
configure:6341: gcc -o conftest -DCFFI_WRAP_DEBUG -g -Wall -W -ansi -pedantic -DCFFI_WRAP_DEBUG -g   conftest.c -lnsl  -ldl  -L/usr/lib -lpcre >&5
/tmp/ccAMyHC9.o: In function `main':
/home/jaten/pkg/swig/svn-latest/swig/conftest.c:39: undefined reference to `t_open'
collect2: ld returned 1 exit status
configure:6341: $? = 1
configure: failed program was:
| /* confdefs.h */
| #define PACKAGE_NAME "swig"
| #define PACKAGE_TARNAME "swig"
| #define PACKAGE_VERSION "2.0.4"
| #define PACKAGE_STRING "swig 2.0.4"
| #define PACKAGE_BUGREPORT "http://www.swig.org"
| #define PACKAGE_URL ""
| #define PACKAGE "swig"
| #define VERSION "2.0.4"
| #define SWIG_CXX "g++"
| #define SWIG_PLATFORM "x86_64-pc-linux-gnu"
| #define STDC_HEADERS 1
| #define HAVE_SYS_TYPES_H 1
| #define HAVE_SYS_STAT_H 1
| #define HAVE_STDLIB_H 1
| #define HAVE_STRING_H 1
| #define HAVE_MEMORY_H 1
| #define HAVE_STRINGS_H 1
| #define HAVE_INTTYPES_H 1
| #define HAVE_STDINT_H 1
| #define HAVE_UNISTD_H 1
| #define HAVE_BOOL 1
| #define HAVE_POPEN 1
| #define HAVE_PCRE 1
| #define HAVE_BOOST /**/
| #define HAVE_LIBDL 1
| /* end confdefs.h.  */
| 
| /* Override any GCC internal prototype to avoid an error.
|    Use char because int might match the return type of a GCC
|    builtin and then its argument prototype would still apply.  */
| #ifdef __cplusplus
| extern "C"
| #endif
| char t_open ();
| int
| main ()
| {
| return t_open ();
|   ;
|   return 0;
| }
configure:6358: result: no
configure:6366: checking for library containing gethostbyname
configure:6397: gcc -o conftest -DCFFI_WRAP_DEBUG -g -Wall -W -ansi -pedantic -DCFFI_WRAP_DEBUG -g   conftest.c -ldl  -L/usr/lib -lpcre >&5
configure:6397: $? = 0
configure:6414: result: none required
configure:6422: checking for library containing socket
configure:6453: gcc -o conftest -DCFFI_WRAP_DEBUG -g -Wall -W -ansi -pedantic -DCFFI_WRAP_DEBUG -g   conftest.c -ldl  -L/usr/lib -lpcre >&5
configure:6453: $? = 0
configure:6470: result: none required
configure:6479: checking for swill_init in -lswill
configure:6504: gcc -o conftest -DCFFI_WRAP_DEBUG -g -Wall -W -ansi -pedantic -DCFFI_WRAP_DEBUG -g   conftest.c -lswill  -ldl  -L/usr/lib -lpcre >&5
/usr/bin/ld: cannot find -lswill
collect2: ld returned 1 exit status
configure:6504: $? = 1
configure: failed program was:
| /* confdefs.h */
| #define PACKAGE_NAME "swig"
| #define PACKAGE_TARNAME "swig"
| #define PACKAGE_VERSION "2.0.4"
| #define PACKAGE_STRING "swig 2.0.4"
| #define PACKAGE_BUGREPORT "http://www.swig.org"
| #define PACKAGE_URL ""
| #define PACKAGE "swig"
| #define VERSION "2.0.4"
| #define SWIG_CXX "g++"
| #define SWIG_PLATFORM "x86_64-pc-linux-gnu"
| #define STDC_HEADERS 1
| #define HAVE_SYS_TYPES_H 1
| #define HAVE_SYS_STAT_H 1
| #define HAVE_STDLIB_H 1
| #define HAVE_STRING_H 1
| #define HAVE_MEMORY_H 1
| #define HAVE_STRINGS_H 1
| #define HAVE_INTTYPES_H 1
| #define HAVE_STDINT_H 1
| #define HAVE_UNISTD_H 1
| #define HAVE_BOOL 1
| #define HAVE_POPEN 1
| #define HAVE_PCRE 1
| #define HAVE_BOOST /**/
| #define HAVE_LIBDL 1
| /* end confdefs.h.  */
| 
| /* Override any GCC internal prototype to avoid an error.
|    Use char because int might match the return type of a GCC
|    builtin and then its argument prototype would still apply.  */
| #ifdef __cplusplus
| extern "C"
| #endif
| char swill_init ();
| int
| main ()
| {
| return swill_init ();
|   ;
|   return 0;
| }
configure:6513: result: no
configure:6535: checking for main in -lieee
configure:6554: gcc -o conftest -DCFFI_WRAP_DEBUG -g -Wall -W -ansi -pedantic -DCFFI_WRAP_DEBUG -g   conftest.c -lieee  -ldl  -L/usr/lib -lpcre >&5
configure:6554: $? = 0
configure:6563: result: yes
configure:6569: checking for crypt in -lcrypt
configure:6594: gcc -o conftest -DCFFI_WRAP_DEBUG -g -Wall -W -ansi -pedantic -DCFFI_WRAP_DEBUG -g   conftest.c -lcrypt  -ldl  -L/usr/lib -lpcre >&5
configure:6594: $? = 0
configure:6603: result: yes
configure:6633: checking for X
configure:6741: gcc -E -DCFFI_WRAP_DEBUG -g  conftest.c
configure:6741: $? = 0
configure:6772: gcc -o conftest -DCFFI_WRAP_DEBUG -g -Wall -W -ansi -pedantic -DCFFI_WRAP_DEBUG -g   conftest.c -lX11 -ldl  -L/usr/lib -lpcre >&5
configure:6772: $? = 0
configure:6822: result: libraries , headers 
configure:6833: gcc -E -DCFFI_WRAP_DEBUG -g  conftest.c
conftest.c:28:28: error: X11/XIntrinsic.h: No such file or directory
configure:6833: $? = 1
configure: failed program was:
| /* confdefs.h */
| #define PACKAGE_NAME "swig"
| #define PACKAGE_TARNAME "swig"
| #define PACKAGE_VERSION "2.0.4"
| #define PACKAGE_STRING "swig 2.0.4"
| #define PACKAGE_BUGREPORT "http://www.swig.org"
| #define PACKAGE_URL ""
| #define PACKAGE "swig"
| #define VERSION "2.0.4"
| #define SWIG_CXX "g++"
| #define SWIG_PLATFORM "x86_64-pc-linux-gnu"
| #define STDC_HEADERS 1
| #define HAVE_SYS_TYPES_H 1
| #define HAVE_SYS_STAT_H 1
| #define HAVE_STDLIB_H 1
| #define HAVE_STRING_H 1
| #define HAVE_MEMORY_H 1
| #define HAVE_STRINGS_H 1
| #define HAVE_INTTYPES_H 1
| #define HAVE_STDINT_H 1
| #define HAVE_UNISTD_H 1
| #define HAVE_BOOL 1
| #define HAVE_POPEN 1
| #define HAVE_PCRE 1
| #define HAVE_BOOST /**/
| #define HAVE_LIBDL 1
| /* end confdefs.h.  */
| #include <X11/XIntrinsic.h>
configure:6846: checking for X11 header files
configure:6853: gcc -E -DCFFI_WRAP_DEBUG -g  conftest.c
configure:6853: $? = 0
configure:6868: result: # no special path needed
configure:7010: checking for Tcl configuration
configure:7033: result: no
configure:7059: checking for Tcl header files
configure:7066: gcc -E -DCFFI_WRAP_DEBUG -g  conftest.c
conftest.c:28:17: error: tcl.h: No such file or directory
configure:7066: $? = 1
configure: failed program was:
| /* confdefs.h */
| #define PACKAGE_NAME "swig"
| #define PACKAGE_TARNAME "swig"
| #define PACKAGE_VERSION "2.0.4"
| #define PACKAGE_STRING "swig 2.0.4"
| #define PACKAGE_BUGREPORT "http://www.swig.org"
| #define PACKAGE_URL ""
| #define PACKAGE "swig"
| #define VERSION "2.0.4"
| #define SWIG_CXX "g++"
| #define SWIG_PLATFORM "x86_64-pc-linux-gnu"
| #define STDC_HEADERS 1
| #define HAVE_SYS_TYPES_H 1
| #define HAVE_SYS_STAT_H 1
| #define HAVE_STDLIB_H 1
| #define HAVE_STRING_H 1
| #define HAVE_MEMORY_H 1
| #define HAVE_STRINGS_H 1
| #define HAVE_INTTYPES_H 1
| #define HAVE_STDINT_H 1
| #define HAVE_UNISTD_H 1
| #define HAVE_BOOL 1
| #define HAVE_POPEN 1
| #define HAVE_PCRE 1
| #define HAVE_BOOST /**/
| #define HAVE_LIBDL 1
| /* end confdefs.h.  */
| #include <tcl.h>
configure:7084: result: not found
configure:7092: checking for Tcl library
configure:7105: result: not found
configure:7167: checking for python
configure:7183: found /usr/bin/python
configure:7194: result: python
configure:7210: checking for Python prefix
configure:7213: result: /usr
configure:7215: checking for Python exec-prefix
configure:7218: result: /usr
configure:7225: checking for Python version
configure:7231: result: python2.6
configure:7236: checking for Python lib dir
configure:7243: result: lib
configure:7248: checking for Python header files
configure:7258: result: -I/usr/include/python2.6 -I/usr/lib/python2.6/config
configure:7262: checking for Python library
configure:7275: result: /usr/lib/python2.6/config
configure:7334: checking for python3
configure:7364: result: no
configure:7334: checking for python3.0
configure:7364: result: no
configure:7334: checking for python3.1
configure:7364: result: no
configure:7382: checking for python3-config
configure:7412: result: no
configure:7382: checking for python3.0-config
configure:7412: result: no
configure:7382: checking for python3.1-config
configure:7412: result: no
configure:7574: checking for perl
configure:7590: found /usr/bin/perl
configure:7601: result: perl
configure:7619: checking for Perl5 header files
configure:7628: result: /usr/lib/perl/5.10/CORE
configure:7640: checking for Perl5 library
configure:7647: result: perl.so.5.10.1
configure:7650: checking for Perl5 compiler options
configure:7657: result: -D_REENTRANT -D_GNU_SOURCE -DDEBIAN -fno-strict-aliasing -pipe -fstack-protector -isystem /usr/local/include -D_LARGEFILE_SOURCE -D_FILE_OFFSET_BITS=64
configure:7714: checking for octave
configure:7744: result: no
configure:7757: checking for Octave header files
configure:7789: result: could not figure out how to run octave
configure:7835: checking for java
configure:7851: found /usr/bin/java
configure:7862: result: java
configure:7882: checking for javac
configure:7912: result: no
configure:7924: checking for java include file jni.h
configure:7958: result: not found
configure:8058: checking for gcj
configure:8088: result: no
configure:8105: checking for gcjh
configure:8135: result: no
configure:8210: checking for guile-config
configure:8243: result: no
configure:8280: checking for Guile header files
configure:8293: result: not found
configure:8297: checking for Guile library
configure:8309: result: not found
configure:8324: checking whether Guile's gh_ API works
configure:8331: gcc -o conftest -DCFFI_WRAP_DEBUG -g -Wall -W    -DCFFI_WRAP_DEBUG -g   conftest.c -ldl  -L/usr/lib -lpcre -L -lguile >&5
conftest.c:28:22: error: guile/gh.h: No such file or directory
conftest.c: In function 'main':
conftest.c:29: error: 'SCM' undeclared (first use in this function)
conftest.c:29: error: (Each undeclared identifier is reported only once
conftest.c:29: error: for each function it appears in.)
conftest.c:29: error: expected ';' before 's'
conftest.c:29: warning: implicit declaration of function 'gh_scm2int'
conftest.c:29: error: 's' undeclared (first use in this function)
configure:8331: $? = 1
configure: failed program was:
| /* confdefs.h */
| #define PACKAGE_NAME "swig"
| #define PACKAGE_TARNAME "swig"
| #define PACKAGE_VERSION "2.0.4"
| #define PACKAGE_STRING "swig 2.0.4"
| #define PACKAGE_BUGREPORT "http://www.swig.org"
| #define PACKAGE_URL ""
| #define PACKAGE "swig"
| #define VERSION "2.0.4"
| #define SWIG_CXX "g++"
| #define SWIG_PLATFORM "x86_64-pc-linux-gnu"
| #define STDC_HEADERS 1
| #define HAVE_SYS_TYPES_H 1
| #define HAVE_SYS_STAT_H 1
| #define HAVE_STDLIB_H 1
| #define HAVE_STRING_H 1
| #define HAVE_MEMORY_H 1
| #define HAVE_STRINGS_H 1
| #define HAVE_INTTYPES_H 1
| #define HAVE_STDINT_H 1
| #define HAVE_UNISTD_H 1
| #define HAVE_BOOL 1
| #define HAVE_POPEN 1
| #define HAVE_PCRE 1
| #define HAVE_BOOST /**/
| #define HAVE_LIBDL 1
| /* end confdefs.h.  */
| #include <guile/gh.h>
|   int main() { SCM s; return gh_scm2int(s); }
configure:8340: result: no
configure:8343: checking whether Guile's SCM_ API works
configure:8350: gcc -o conftest -DCFFI_WRAP_DEBUG -g -Wall -W    -DCFFI_WRAP_DEBUG -g   conftest.c -ldl  -L/usr/lib -lpcre -L -lguile >&5
conftest.c:28:22: error: libguile.h: No such file or directory
conftest.c: In function 'main':
conftest.c:29: error: 'SCM' undeclared (first use in this function)
conftest.c:29: error: (Each undeclared identifier is reported only once
conftest.c:29: error: for each function it appears in.)
conftest.c:29: error: expected ';' before 's'
conftest.c:29: warning: implicit declaration of function 'scm_slot_exists_p'
conftest.c:29: error: 'SCM_BOOL_F' undeclared (first use in this function)
conftest.c:29: warning: implicit declaration of function 'SCM_STRING_LENGTH'
conftest.c:29: error: 's' undeclared (first use in this function)
configure:8350: $? = 1
configure: failed program was:
| /* confdefs.h */
| #define PACKAGE_NAME "swig"
| #define PACKAGE_TARNAME "swig"
| #define PACKAGE_VERSION "2.0.4"
| #define PACKAGE_STRING "swig 2.0.4"
| #define PACKAGE_BUGREPORT "http://www.swig.org"
| #define PACKAGE_URL ""
| #define PACKAGE "swig"
| #define VERSION "2.0.4"
| #define SWIG_CXX "g++"
| #define SWIG_PLATFORM "x86_64-pc-linux-gnu"
| #define STDC_HEADERS 1
| #define HAVE_SYS_TYPES_H 1
| #define HAVE_SYS_STAT_H 1
| #define HAVE_STDLIB_H 1
| #define HAVE_STRING_H 1
| #define HAVE_MEMORY_H 1
| #define HAVE_STRINGS_H 1
| #define HAVE_INTTYPES_H 1
| #define HAVE_STDINT_H 1
| #define HAVE_UNISTD_H 1
| #define HAVE_BOOL 1
| #define HAVE_POPEN 1
| #define HAVE_PCRE 1
| #define HAVE_BOOST /**/
| #define HAVE_LIBDL 1
| /* end confdefs.h.  */
| #include <libguile.h>
|   int main() { SCM s; scm_slot_exists_p(SCM_BOOL_F, SCM_BOOL_F); return SCM_STRING_LENGTH(s); }
configure:8359: result: no
configure:8403: checking for mzscheme
configure:8436: result: no
configure:8448: checking for mzc
configure:8481: result: no
configure:8539: checking for ruby
configure:8569: result: no
configure:8581: checking for Ruby header files
configure:8668: result: could not figure out how to run ruby
configure:8714: checking for php5
configure:8744: result: no
configure:8714: checking for php
configure:8744: result: no
configure:8756: checking for PHP header files
configure:8777: result: found PHP , but only PHP 5 is supported
configure:8836: checking for Ocaml DL load generator
configure:8843: checking for ocamldlgen
configure:8873: result: no
configure:8886: checking for Ocaml package tool
configure:8893: checking for ocamlfind
configure:8909: found /usr/bin/ocamlfind
configure:8920: result: ocamlfind
configure:8936: checking for Ocaml compiler
configure:8943: checking for ocamlc
configure:8959: found /usr/bin/ocamlc
configure:8970: result: ocamlc
configure:8986: checking for Ocaml interpreter
configure:8993: checking for ocaml
configure:9020: result: yes
configure:9036: checking for Ocaml toplevel creator
configure:9043: checking for ocamlmktop
configure:9059: found /usr/bin/ocamlmktop
configure:9070: result: ocamlmktop
configure:9088: checking for Ocaml header files
configure:9097: result: /usr/lib/ocaml/caml
configure:9109: checking for Ocaml version 3.08.2 or higher
configure:9137: result: 3.11.2
configure:9188: checking for pike
configure:9218: result: no
configure:9188: checking for pike7.6
configure:9218: result: no
configure:9188: checking for pike7.4
configure:9218: result: no
configure:9188: checking for pike7.2
configure:9218: result: no
configure:9354: checking for chicken
configure:9384: result: no
configure:9410: checking for csc
configure:9440: result: no
configure:9477: checking for csi
configure:9507: result: no
configure:9743: checking for gmcs
configure:9773: result: no
configure:9743: checking for mcs
configure:9773: result: no
configure:9743: checking for cscc
configure:9773: result: no
configure:9995: checking for lua
configure:10013: found /usr/bin/lua
configure:10025: result: /usr/bin/lua
configure:10037: checking Lua version
configure:10052: result: Lua 5.1 or later
configure:10058: checking whether Lua dynamic loading is enabled
configure:10072: result: yes
configure:10106: checking lua.h usability
configure:10106: gcc -c -DCFFI_WRAP_DEBUG -g -Wall -W -ansi -pedantic -DCFFI_WRAP_DEBUG -g  conftest.c >&5
conftest.c:61:17: error: lua.h: No such file or directory
configure:10106: $? = 1
configure: failed program was:
| /* confdefs.h */
| #define PACKAGE_NAME "swig"
| #define PACKAGE_TARNAME "swig"
| #define PACKAGE_VERSION "2.0.4"
| #define PACKAGE_STRING "swig 2.0.4"
| #define PACKAGE_BUGREPORT "http://www.swig.org"
| #define PACKAGE_URL ""
| #define PACKAGE "swig"
| #define VERSION "2.0.4"
| #define SWIG_CXX "g++"
| #define SWIG_PLATFORM "x86_64-pc-linux-gnu"
| #define STDC_HEADERS 1
| #define HAVE_SYS_TYPES_H 1
| #define HAVE_SYS_STAT_H 1
| #define HAVE_STDLIB_H 1
| #define HAVE_STRING_H 1
| #define HAVE_MEMORY_H 1
| #define HAVE_STRINGS_H 1
| #define HAVE_INTTYPES_H 1
| #define HAVE_STDINT_H 1
| #define HAVE_UNISTD_H 1
| #define HAVE_BOOL 1
| #define HAVE_POPEN 1
| #define HAVE_PCRE 1
| #define HAVE_BOOST /**/
| #define HAVE_LIBDL 1
| /* end confdefs.h.  */
| #include <stdio.h>
| #ifdef HAVE_SYS_TYPES_H
| # include <sys/types.h>
| #endif
| #ifdef HAVE_SYS_STAT_H
| # include <sys/stat.h>
| #endif
| #ifdef STDC_HEADERS
| # include <stdlib.h>
| # include <stddef.h>
| #else
| # ifdef HAVE_STDLIB_H
| #  include <stdlib.h>
| # endif
| #endif
| #ifdef HAVE_STRING_H
| # if !defined STDC_HEADERS && defined HAVE_MEMORY_H
| #  include <memory.h>
| # endif
| # include <string.h>
| #endif
| #ifdef HAVE_STRINGS_H
| # include <strings.h>
| #endif
| #ifdef HAVE_INTTYPES_H
| # include <inttypes.h>
| #endif
| #ifdef HAVE_STDINT_H
| # include <stdint.h>
| #endif
| #ifdef HAVE_UNISTD_H
| # include <unistd.h>
| #endif
| #include <lua.h>
configure:10106: result: no
configure:10106: checking lua.h presence
configure:10106: gcc -E -DCFFI_WRAP_DEBUG -g  conftest.c
conftest.c:28:17: error: lua.h: No such file or directory
configure:10106: $? = 1
configure: failed program was:
| /* confdefs.h */
| #define PACKAGE_NAME "swig"
| #define PACKAGE_TARNAME "swig"
| #define PACKAGE_VERSION "2.0.4"
| #define PACKAGE_STRING "swig 2.0.4"
| #define PACKAGE_BUGREPORT "http://www.swig.org"
| #define PACKAGE_URL ""
| #define PACKAGE "swig"
| #define VERSION "2.0.4"
| #define SWIG_CXX "g++"
| #define SWIG_PLATFORM "x86_64-pc-linux-gnu"
| #define STDC_HEADERS 1
| #define HAVE_SYS_TYPES_H 1
| #define HAVE_SYS_STAT_H 1
| #define HAVE_STDLIB_H 1
| #define HAVE_STRING_H 1
| #define HAVE_MEMORY_H 1
| #define HAVE_STRINGS_H 1
| #define HAVE_INTTYPES_H 1
| #define HAVE_STDINT_H 1
| #define HAVE_UNISTD_H 1
| #define HAVE_BOOL 1
| #define HAVE_POPEN 1
| #define HAVE_PCRE 1
| #define HAVE_BOOST /**/
| #define HAVE_LIBDL 1
| /* end confdefs.h.  */
| #include <lua.h>
configure:10106: result: no
configure:10106: checking for lua.h
configure:10106: result: no
configure:10116: checking for lua.h in other locations
configure:10123: result: /usr/include/luajit-2.0/lua.h
configure:10167: checking for library containing lua_close
configure:10198: gcc -o conftest -DCFFI_WRAP_DEBUG -g -Wall -W -ansi -pedantic -DCFFI_WRAP_DEBUG -g   conftest.c -ldl  -L/usr/lib -lpcre >&5
/tmp/cc7GSElB.o: In function `main':
/home/jaten/pkg/swig/svn-latest/swig/conftest.c:39: undefined reference to `lua_close'
collect2: ld returned 1 exit status
configure:10198: $? = 1
configure: failed program was:
| /* confdefs.h */
| #define PACKAGE_NAME "swig"
| #define PACKAGE_TARNAME "swig"
| #define PACKAGE_VERSION "2.0.4"
| #define PACKAGE_STRING "swig 2.0.4"
| #define PACKAGE_BUGREPORT "http://www.swig.org"
| #define PACKAGE_URL ""
| #define PACKAGE "swig"
| #define VERSION "2.0.4"
| #define SWIG_CXX "g++"
| #define SWIG_PLATFORM "x86_64-pc-linux-gnu"
| #define STDC_HEADERS 1
| #define HAVE_SYS_TYPES_H 1
| #define HAVE_SYS_STAT_H 1
| #define HAVE_STDLIB_H 1
| #define HAVE_STRING_H 1
| #define HAVE_MEMORY_H 1
| #define HAVE_STRINGS_H 1
| #define HAVE_INTTYPES_H 1
| #define HAVE_STDINT_H 1
| #define HAVE_UNISTD_H 1
| #define HAVE_BOOL 1
| #define HAVE_POPEN 1
| #define HAVE_PCRE 1
| #define HAVE_BOOST /**/
| #define HAVE_LIBDL 1
| /* end confdefs.h.  */
| 
| /* Override any GCC internal prototype to avoid an error.
|    Use char because int might match the return type of a GCC
|    builtin and then its argument prototype would still apply.  */
| #ifdef __cplusplus
| extern "C"
| #endif
| char lua_close ();
| int
| main ()
| {
| return lua_close ();
|   ;
|   return 0;
| }
configure:10198: gcc -o conftest -DCFFI_WRAP_DEBUG -g -Wall -W -ansi -pedantic -DCFFI_WRAP_DEBUG -g   conftest.c -llua  -ldl  -L/usr/lib -lpcre >&5
/usr/bin/ld: cannot find -llua
collect2: ld returned 1 exit status
configure:10198: $? = 1
configure: failed program was:
| /* confdefs.h */
| #define PACKAGE_NAME "swig"
| #define PACKAGE_TARNAME "swig"
| #define PACKAGE_VERSION "2.0.4"
| #define PACKAGE_STRING "swig 2.0.4"
| #define PACKAGE_BUGREPORT "http://www.swig.org"
| #define PACKAGE_URL ""
| #define PACKAGE "swig"
| #define VERSION "2.0.4"
| #define SWIG_CXX "g++"
| #define SWIG_PLATFORM "x86_64-pc-linux-gnu"
| #define STDC_HEADERS 1
| #define HAVE_SYS_TYPES_H 1
| #define HAVE_SYS_STAT_H 1
| #define HAVE_STDLIB_H 1
| #define HAVE_STRING_H 1
| #define HAVE_MEMORY_H 1
| #define HAVE_STRINGS_H 1
| #define HAVE_INTTYPES_H 1
| #define HAVE_STDINT_H 1
| #define HAVE_UNISTD_H 1
| #define HAVE_BOOL 1
| #define HAVE_POPEN 1
| #define HAVE_PCRE 1
| #define HAVE_BOOST /**/
| #define HAVE_LIBDL 1
| /* end confdefs.h.  */
| 
| /* Override any GCC internal prototype to avoid an error.
|    Use char because int might match the return type of a GCC
|    builtin and then its argument prototype would still apply.  */
| #ifdef __cplusplus
| extern "C"
| #endif
| char lua_close ();
| int
| main ()
| {
| return lua_close ();
|   ;
|   return 0;
| }
configure:10198: gcc -o conftest -DCFFI_WRAP_DEBUG -g -Wall -W -ansi -pedantic -DCFFI_WRAP_DEBUG -g   conftest.c -llua51  -ldl  -L/usr/lib -lpcre >&5
/usr/bin/ld: cannot find -llua51
collect2: ld returned 1 exit status
configure:10198: $? = 1
configure: failed program was:
| /* confdefs.h */
| #define PACKAGE_NAME "swig"
| #define PACKAGE_TARNAME "swig"
| #define PACKAGE_VERSION "2.0.4"
| #define PACKAGE_STRING "swig 2.0.4"
| #define PACKAGE_BUGREPORT "http://www.swig.org"
| #define PACKAGE_URL ""
| #define PACKAGE "swig"
| #define VERSION "2.0.4"
| #define SWIG_CXX "g++"
| #define SWIG_PLATFORM "x86_64-pc-linux-gnu"
| #define STDC_HEADERS 1
| #define HAVE_SYS_TYPES_H 1
| #define HAVE_SYS_STAT_H 1
| #define HAVE_STDLIB_H 1
| #define HAVE_STRING_H 1
| #define HAVE_MEMORY_H 1
| #define HAVE_STRINGS_H 1
| #define HAVE_INTTYPES_H 1
| #define HAVE_STDINT_H 1
| #define HAVE_UNISTD_H 1
| #define HAVE_BOOL 1
| #define HAVE_POPEN 1
| #define HAVE_PCRE 1
| #define HAVE_BOOST /**/
| #define HAVE_LIBDL 1
| /* end confdefs.h.  */
| 
| /* Override any GCC internal prototype to avoid an error.
|    Use char because int might match the return type of a GCC
|    builtin and then its argument prototype would still apply.  */
| #ifdef __cplusplus
| extern "C"
| #endif
| char lua_close ();
| int
| main ()
| {
| return lua_close ();
|   ;
|   return 0;
| }
configure:10198: gcc -o conftest -DCFFI_WRAP_DEBUG -g -Wall -W -ansi -pedantic -DCFFI_WRAP_DEBUG -g   conftest.c -llua5.1  -ldl  -L/usr/lib -lpcre >&5
/usr/bin/ld: cannot find -llua5.1
collect2: ld returned 1 exit status
configure:10198: $? = 1
configure: failed program was:
| /* confdefs.h */
| #define PACKAGE_NAME "swig"
| #define PACKAGE_TARNAME "swig"
| #define PACKAGE_VERSION "2.0.4"
| #define PACKAGE_STRING "swig 2.0.4"
| #define PACKAGE_BUGREPORT "http://www.swig.org"
| #define PACKAGE_URL ""
| #define PACKAGE "swig"
| #define VERSION "2.0.4"
| #define SWIG_CXX "g++"
| #define SWIG_PLATFORM "x86_64-pc-linux-gnu"
| #define STDC_HEADERS 1
| #define HAVE_SYS_TYPES_H 1
| #define HAVE_SYS_STAT_H 1
| #define HAVE_STDLIB_H 1
| #define HAVE_STRING_H 1
| #define HAVE_MEMORY_H 1
| #define HAVE_STRINGS_H 1
| #define HAVE_INTTYPES_H 1
| #define HAVE_STDINT_H 1
| #define HAVE_UNISTD_H 1
| #define HAVE_BOOL 1
| #define HAVE_POPEN 1
| #define HAVE_PCRE 1
| #define HAVE_BOOST /**/
| #define HAVE_LIBDL 1
| /* end confdefs.h.  */
| 
| /* Override any GCC internal prototype to avoid an error.
|    Use char because int might match the return type of a GCC
|    builtin and then its argument prototype would still apply.  */
| #ifdef __cplusplus
| extern "C"
| #endif
| char lua_close ();
| int
| main ()
| {
| return lua_close ();
|   ;
|   return 0;
| }
configure:10198: gcc -o conftest -DCFFI_WRAP_DEBUG -g -Wall -W -ansi -pedantic -DCFFI_WRAP_DEBUG -g   conftest.c -llua50  -ldl  -L/usr/lib -lpcre >&5
/usr/bin/ld: cannot find -llua50
collect2: ld returned 1 exit status
configure:10198: $? = 1
configure: failed program was:
| /* confdefs.h */
| #define PACKAGE_NAME "swig"
| #define PACKAGE_TARNAME "swig"
| #define PACKAGE_VERSION "2.0.4"
| #define PACKAGE_STRING "swig 2.0.4"
| #define PACKAGE_BUGREPORT "http://www.swig.org"
| #define PACKAGE_URL ""
| #define PACKAGE "swig"
| #define VERSION "2.0.4"
| #define SWIG_CXX "g++"
| #define SWIG_PLATFORM "x86_64-pc-linux-gnu"
| #define STDC_HEADERS 1
| #define HAVE_SYS_TYPES_H 1
| #define HAVE_SYS_STAT_H 1
| #define HAVE_STDLIB_H 1
| #define HAVE_STRING_H 1
| #define HAVE_MEMORY_H 1
| #define HAVE_STRINGS_H 1
| #define HAVE_INTTYPES_H 1
| #define HAVE_STDINT_H 1
| #define HAVE_UNISTD_H 1
| #define HAVE_BOOL 1
| #define HAVE_POPEN 1
| #define HAVE_PCRE 1
| #define HAVE_BOOST /**/
| #define HAVE_LIBDL 1
| /* end confdefs.h.  */
| 
| /* Override any GCC internal prototype to avoid an error.
|    Use char because int might match the return type of a GCC
|    builtin and then its argument prototype would still apply.  */
| #ifdef __cplusplus
| extern "C"
| #endif
| char lua_close ();
| int
| main ()
| {
| return lua_close ();
|   ;
|   return 0;
| }
configure:10198: gcc -o conftest -DCFFI_WRAP_DEBUG -g -Wall -W -ansi -pedantic -DCFFI_WRAP_DEBUG -g   conftest.c -llua5.0  -ldl  -L/usr/lib -lpcre >&5
/usr/bin/ld: cannot find -llua5.0
collect2: ld returned 1 exit status
configure:10198: $? = 1
configure: failed program was:
| /* confdefs.h */
| #define PACKAGE_NAME "swig"
| #define PACKAGE_TARNAME "swig"
| #define PACKAGE_VERSION "2.0.4"
| #define PACKAGE_STRING "swig 2.0.4"
| #define PACKAGE_BUGREPORT "http://www.swig.org"
| #define PACKAGE_URL ""
| #define PACKAGE "swig"
| #define VERSION "2.0.4"
| #define SWIG_CXX "g++"
| #define SWIG_PLATFORM "x86_64-pc-linux-gnu"
| #define STDC_HEADERS 1
| #define HAVE_SYS_TYPES_H 1
| #define HAVE_SYS_STAT_H 1
| #define HAVE_STDLIB_H 1
| #define HAVE_STRING_H 1
| #define HAVE_MEMORY_H 1
| #define HAVE_STRINGS_H 1
| #define HAVE_INTTYPES_H 1
| #define HAVE_STDINT_H 1
| #define HAVE_UNISTD_H 1
| #define HAVE_BOOL 1
| #define HAVE_POPEN 1
| #define HAVE_PCRE 1
| #define HAVE_BOOST /**/
| #define HAVE_LIBDL 1
| /* end confdefs.h.  */
| 
| /* Override any GCC internal prototype to avoid an error.
|    Use char because int might match the return type of a GCC
|    builtin and then its argument prototype would still apply.  */
| #ifdef __cplusplus
| extern "C"
| #endif
| char lua_close ();
| int
| main ()
| {
| return lua_close ();
|   ;
|   return 0;
| }
configure:10215: result: no
configure:10267: checking for alisp
configure:10300: result: no
configure:10336: checking for clisp
configure:10369: result: no
configure:10405: checking for R
configure:10423: found /usr/bin/R
configure:10435: result: /usr/bin/R
configure:10473: checking for 6g
configure:10503: result: no
configure:10473: checking for 8g
configure:10503: result: no
configure:10473: checking for gccgo
configure:10503: result: no
configure:10584: checking for dmd
configure:10600: found /usr/local/bin/dmd
configure:10611: result: dmd
configure:10624: checking whether the D1/Tango compiler works
configure:10637: dmd conftest.d
conftest.d(1): Error: module Stdout is in file 'tango/io/Stdout.d' which cannot be read
import path[0] = /usr/src/phobos
import path[1] = /usr/src/druntime/import
configure:10646: $? = 1
configure: failed program was:
| import tango.io.Stdout;
| void main() {
| }
configure:10653: result: no
configure:10669: checking for dmd
configure:10685: found /usr/local/bin/dmd
configure:10696: result: dmd
configure:10709: checking whether the D2 compiler works
configure:10722: dmd conftest.d
configure:10731: $? = 0
configure:10733: result: yes
configure:11129: creating ./config.status

## ---------------------- ##
## Running config.status. ##
## ---------------------- ##

This file was extended by swig config.status 2.0.4, which was
generated by GNU Autoconf 2.65.  Invocation command line was

  CONFIG_FILES    = 
  CONFIG_HEADERS  = 
  CONFIG_LINKS    = 
  CONFIG_COMMANDS = 
  $ ./config.status 

on virtub

config.status:1061: creating Makefile
config.status:1061: creating swig.spec
config.status:1061: creating Source/Makefile
config.status:1061: creating Examples/Makefile
config.status:1061: creating Examples/guile/Makefile
config.status:1061: creating Examples/xml/Makefile
config.status:1061: creating Examples/test-suite/chicken/Makefile
config.status:1061: creating Examples/test-suite/csharp/Makefile
config.status:1061: creating Examples/test-suite/d/Makefile
config.status:1061: creating Examples/test-suite/guile/Makefile
config.status:1061: creating Examples/test-suite/guilescm/Makefile
config.status:1061: creating Examples/test-suite/java/Makefile
config.status:1061: creating Examples/test-suite/mzscheme/Makefile
config.status:1061: creating Examples/test-suite/ocaml/Makefile
config.status:1061: creating Examples/test-suite/octave/Makefile
config.status:1061: creating Examples/test-suite/perl5/Makefile
config.status:1061: creating Examples/test-suite/php/Makefile
config.status:1061: creating Examples/test-suite/pike/Makefile
config.status:1061: creating Examples/test-suite/python/Makefile
config.status:1061: creating Examples/test-suite/ruby/Makefile
config.status:1061: creating Examples/test-suite/tcl/Makefile
config.status:1061: creating Examples/test-suite/lua/Makefile
config.status:1061: creating Examples/test-suite/allegrocl/Makefile
config.status:1061: creating Examples/test-suite/clisp/Makefile
config.status:1061: creating Examples/test-suite/cffi/Makefile
config.status:1061: creating Examples/test-suite/uffi/Makefile
config.status:1061: creating Examples/test-suite/r/Makefile
config.status:1061: creating Examples/test-suite/go/Makefile
config.status:1061: creating Lib/ocaml/swigp4.ml
config.status:1061: creating preinst-swig
config.status:1061: creating CCache/ccache_swig_config.h
config.status:1061: creating Source/Include/swigconfig.h
config.status:1227: Source/Include/swigconfig.h is unchanged
config.status:1274: executing depfiles commands
configure:12518: === configuring in CCache (/home/jaten/pkg/swig/svn-latest/swig/CCache)
configure:12581: running /bin/bash ./configure --disable-option-checking '--prefix=/opt/swig-svn-12570'  '--build=x86_64-pc-linux-gnu' 'build_alias=x86_64-pc-linux-gnu' 'CFLAGS=-DCFFI_WRAP_DEBUG -g' 'CPPFLAGS=-DCFFI_WRAP_DEBUG -g' 'CXXFLAGS=-DCFFI_WRAP_DEBUG -g' --cache-file=/dev/null --srcdir=.

## ---------------- ##
## Cache variables. ##
## ---------------- ##

ac_cv_build=x86_64-pc-linux-gnu
ac_cv_c_compiler_gnu=yes
ac_cv_cxx_compiler_gnu=yes
ac_cv_env_CCC_set=
ac_cv_env_CCC_value=
ac_cv_env_CC_set=
ac_cv_env_CC_value=
ac_cv_env_CFLAGS_set=set
ac_cv_env_CFLAGS_value='-DCFFI_WRAP_DEBUG -g'
ac_cv_env_CPPFLAGS_set=set
ac_cv_env_CPPFLAGS_value='-DCFFI_WRAP_DEBUG -g'
ac_cv_env_CPP_set=
ac_cv_env_CPP_value=
ac_cv_env_CXXFLAGS_set=set
ac_cv_env_CXXFLAGS_value='-DCFFI_WRAP_DEBUG -g'
ac_cv_env_CXX_set=
ac_cv_env_CXX_value=
ac_cv_env_LDFLAGS_set=
ac_cv_env_LDFLAGS_value=
ac_cv_env_LIBS_set=
ac_cv_env_LIBS_value=
ac_cv_env_PCRE_CFLAGS_set=
ac_cv_env_PCRE_CFLAGS_value=
ac_cv_env_PCRE_CONFIG_set=
ac_cv_env_PCRE_CONFIG_value=
ac_cv_env_PCRE_LIBS_set=
ac_cv_env_PCRE_LIBS_value=
ac_cv_env_XMKMF_set=
ac_cv_env_XMKMF_value=
ac_cv_env_YACC_set=
ac_cv_env_YACC_value=
ac_cv_env_YFLAGS_set=
ac_cv_env_YFLAGS_value=
ac_cv_env_build_alias_set=set
ac_cv_env_build_alias_value=x86_64-pc-linux-gnu
ac_cv_env_host_alias_set=
ac_cv_env_host_alias_value=
ac_cv_env_target_alias_set=
ac_cv_env_target_alias_value=
ac_cv_func_popen=yes
ac_cv_have_x='have_x=yes	ac_x_includes='\'''\''	ac_x_libraries='\'''\'''
ac_cv_header_inttypes_h=yes
ac_cv_header_lua_h=no
ac_cv_header_memory_h=yes
ac_cv_header_stdc=yes
ac_cv_header_stdint_h=yes
ac_cv_header_stdlib_h=yes
ac_cv_header_string_h=yes
ac_cv_header_strings_h=yes
ac_cv_header_sys_stat_h=yes
ac_cv_header_sys_types_h=yes
ac_cv_header_unistd_h=yes
ac_cv_host=x86_64-pc-linux-gnu
ac_cv_lib_crypt_crypt=yes
ac_cv_lib_dl_dlopen=yes
ac_cv_lib_dld_shl_load=no
ac_cv_lib_ieee_main=yes
ac_cv_lib_swill_swill_init=no
ac_cv_objext=o
ac_cv_path_EGREP='/bin/grep -E'
ac_cv_path_GREP=/bin/grep
ac_cv_path_LUABIN=/usr/bin/lua
ac_cv_path_PCRE_CONFIG=/usr/bin/pcre-config
ac_cv_path_RBIN=/usr/bin/R
ac_cv_path_SED=/bin/sed
ac_cv_path_install='/usr/bin/install -c'
ac_cv_prog_AR=ar
ac_cv_prog_AWK=gawk
ac_cv_prog_CPP='gcc -E'
ac_cv_prog_D1COMPILER=dmd
ac_cv_prog_D2COMPILER=dmd
ac_cv_prog_JAVA=java
ac_cv_prog_OCAMLBIN=yes
ac_cv_prog_OCAMLC=ocamlc
ac_cv_prog_OCAMLFIND=ocamlfind
ac_cv_prog_OCAMLMKTOP=ocamlmktop
ac_cv_prog_PERL=perl
ac_cv_prog_PYTHON=python
ac_cv_prog_YACC='bison -y'
ac_cv_prog_YODL2HTML=yodl2html
ac_cv_prog_YODL2MAN=yodl2man
ac_cv_prog_ac_ct_CC=gcc
ac_cv_prog_ac_ct_CXX=g++
ac_cv_prog_ac_ct_RANLIB=ranlib
ac_cv_prog_cc_c89=
ac_cv_prog_cc_g=yes
ac_cv_prog_cc_gcc_c_o=yes
ac_cv_prog_cxx_g=yes
ac_cv_prog_make_make_set=yes
ac_cv_search_gethostbyname='none required'
ac_cv_search_lua_close=no
ac_cv_search_socket='none required'
ac_cv_search_t_open=no
ac_cv_type_bool=yes
am_cv_CC_dependencies_compiler_type=gcc3
am_cv_CXX_dependencies_compiler_type=gcc3

## ----------------- ##
## Output variables. ##
## ----------------- ##

ACLOCAL='${SHELL} /home/jaten/pkg/swig/svn-latest/swig/Tools/config/missing --run aclocal-1.9'
ALLEGROCLBIN=''
AMDEPBACKSLASH='\'
AMDEP_FALSE='#'
AMDEP_TRUE=''
AMTAR='${SHELL} /home/jaten/pkg/swig/svn-latest/swig/Tools/config/missing --run tar'
AR='ar'
AUTOCONF='${SHELL} /home/jaten/pkg/swig/svn-latest/swig/Tools/config/missing --run autoconf'
AUTOHEADER='${SHELL} /home/jaten/pkg/swig/svn-latest/swig/Tools/config/missing --run autoheader'
AUTOMAKE='${SHELL} /home/jaten/pkg/swig/svn-latest/swig/Tools/config/missing --run automake-1.9'
AWK='gawk'
BOOST_CPPFLAGS='-I/usr/include'
BOOST_LDFLAGS='-L/usr/lib64'
CC='gcc'
CCDEPMODE='depmode=gcc3'
CCSHARED='-fpic'
CFLAGS='-DCFFI_WRAP_DEBUG -g -Wall -W -ansi -pedantic'
CHICKEN=''
CHICKENLIB=''
CHICKENOPTS=''
CHICKENSHAREDLIB=''
CHICKEN_CSC=''
CHICKEN_CSI=''
CLISPBIN=''
CPP='gcc -E'
CPPFLAGS='-DCFFI_WRAP_DEBUG -g '
CSHARPCFLAGS=''
CSHARPCILINTERPRETER=''
CSHARPCOMPILER=''
CSHARPCYGPATH_W='echo'
CSHARPDYNAMICLINKING=''
CSHARPLIBRARYPREFIX='lib'
CSHARPPATHSEPARATOR='/'
CSHARPSO='.so'
CXX='g++'
CXXDEPMODE='depmode=gcc3'
CXXFLAGS='-DCFFI_WRAP_DEBUG -g -Wall -W -ansi -pedantic'
CXXSHARED='gcc -shared'
CYGPATH_W='echo'
D1COMPILER=''
D2COMPILER='dmd'
DDEFAULTVERSION='2'
DEFS='-DHAVE_CONFIG_H'
DEPDIR='.deps'
DLIBPREFIX='lib'
ECHO_C=''
ECHO_N='-n'
ECHO_T=''
EGREP='/bin/grep -E'
ENABLE_CCACHE='1'
EXEEXT=''
EXTRA_CLEAN=''
GCJ=''
GCJH=''
GO=''
GOGCC=''
GREP='/bin/grep'
GUILE=''
GUILEINCLUDE=''
GUILELIB=''
GUILELINK='-L -lguile'
GUILE_CONFIG=''
GUILE_GH_INTERFACE=''
GUILE_SCM_INTERFACE=''
GUILE_SO='.so'
INSTALL_DATA='${INSTALL} -m 644'
INSTALL_PROGRAM='${INSTALL}'
INSTALL_SCRIPT='${INSTALL}'
INSTALL_STRIP_PROGRAM='${SHELL} $(install_sh) -c -s'
JAVA='java'
JAVAC=''
JAVACFLAGS=''
JAVACXXSHARED='$(CXXSHARED)'
JAVADYNAMICLINKING=''
JAVAINC=''
JAVALDSHARED='$(LDSHARED)'
JAVALIBRARYPREFIX='lib'
JAVASO='.so'
LDFLAGS=''
LDSHARED='gcc -shared'
LIBC=''
LIBCRYPT='-lcrypt'
LIBM='-lieee -lm'
LIBOBJS=''
LIBS='-ldl  -L/usr/lib -lpcre'
LINKFORSHARED='-Xlinker -export-dynamic'
LTLIBOBJS=''
LUABIN=''
LUADYNAMICLINKING=''
LUAFLAGS='-isystem /usr/include/luajit-2.0'
LUALINK=''
LUA_SO='.so'
MAKEINFO='${SHELL} /home/jaten/pkg/swig/svn-latest/swig/Tools/config/missing --run makeinfo'
MZC=''
MZDYNOBJ=''
MZSCHEME=''
MZSCHEME_SO='.so'
OBJEXT='o'
OCAMLBIN='yes'
OCAMLC='ocamlc'
OCAMLDLGEN=':'
OCAMLFIND='ocamlfind'
OCAMLINC='-I/usr/lib/ocaml/caml'
OCAMLLOC='_loc'
OCAMLMKTOP='ocamlmktop'
OCAMLVER='3.11.2'
OCTAVE=''
OCTAVECCFLAGS=''
OCTAVEDYNAMICLINKING=''
OCTAVEEXT=''
OCTAVELIB=''
OCTAVE_SO='.oct'
PACKAGE='swig'
PACKAGE_BUGREPORT='http://www.swig.org'
PACKAGE_NAME='swig'
PACKAGE_STRING='swig 2.0.4'
PACKAGE_TARNAME='swig'
PACKAGE_URL=''
PACKAGE_VERSION='2.0.4'
PATH_SEPARATOR=':'
PCRE_CFLAGS=''
PCRE_CONFIG='/usr/bin/pcre-config'
PCRE_LIBS='-L/usr/lib -lpcre'
PERL5CCFLAGS='-D_REENTRANT -D_GNU_SOURCE -DDEBIAN -fno-strict-aliasing -pipe -fstack-protector -isystem /usr/local/include -D_LARGEFILE_SOURCE -D_FILE_OFFSET_BITS=64'
PERL5DYNAMICLINKING=''
PERL5EXT='/usr/lib/perl/5.10/CORE'
PERL5LIB='perl.so.5.10.1'
PERL='perl'
PHP=''
PHPINC=''
PHP_SO='.so'
PIKE=''
PIKECCDLFLAGS=''
PIKECONFIG=''
PIKEDYNAMICLINKING=''
PIKEINCLUDE=''
PLATFLAGS=''
PY3CONFIG=''
PY3INCLUDE=''
PY3LIB=''
PY3LINK=''
PYINCLUDE='-I/usr/include/python2.6 -I/usr/lib/python2.6/config'
PYLIB='/usr/lib/python2.6/config'
PYLINK='-lpython2.6'
PYTHON3=''
PYTHON3DYNAMICLINKING=''
PYTHON='python'
PYTHONDYNAMICLINKING=''
PYTHON_SO='.so'
RANLIB='ranlib'
RBIN='/usr/bin/R'
ROOT_DIR='/home/jaten/pkg/swig/svn-latest/swig'
RPATH='-Xlinker -rpath $(exec_prefix)/lib -Xlinker -rpath .'
RUBY=''
RUBYCCDLFLAGS=''
RUBYDYNAMICLINKING=''
RUBYINCLUDE='-I/usr/local/lib/ruby/1.4/arch'
RUBYLIB='/usr/local/lib/ruby/1.4/arch'
RUBYLINK='-lruby -lm'
SED='/bin/sed'
SET_MAKE=''
SHELL='/bin/bash'
SKIP_ALLEGROCL='1'
SKIP_CFFI='1'
SKIP_CHICKEN='1'
SKIP_CLISP='1'
SKIP_CSHARP='1'
SKIP_D=''
SKIP_GCJ='1'
SKIP_GO='1'
SKIP_GUILE='1'
SKIP_GUILESCM='1'
SKIP_JAVA='1'
SKIP_LUA='1'
SKIP_MODULA3='1'
SKIP_MZSCHEME='1'
SKIP_OCAML=''
SKIP_OCTAVE='1'
SKIP_PERL5=''
SKIP_PHP='1'
SKIP_PIKE='1'
SKIP_PYTHON3='1'
SKIP_PYTHON=''
SKIP_R=''
SKIP_RUBY='1'
SKIP_TCL='1'
SKIP_UFFI='1'
SO='.so'
STRIP=''
SWIGLIBS=''
SWIG_LIB='/opt/swig-svn-12570/share/swig/2.0.4'
SWILL=''
TCLCXXSHARED='$(CXXSHARED)'
TCLDYNAMICLINKING=''
TCLINCLUDE=''
TCLLDSHARED='$(LDSHARED)'
TCLLIB=''
TCL_SO='.so'
TRYLINKINGWITHCXX='CXXSHARED= g++ -shared '
VERSION='2.0.4'
XINCLUDES='# no special path needed'
XLIBSW='-lX11'
XMKMF=''
YACC='bison -y'
YFLAGS=''
YODL2HTML='yodl2html'
YODL2MAN='yodl2man'
ac_aux_dir='Tools/config'
ac_ct_CC='gcc'
ac_ct_CXX='g++'
am__fastdepCC_FALSE='#'
am__fastdepCC_TRUE=''
am__fastdepCXX_FALSE='#'
am__fastdepCXX_TRUE=''
am__include='include'
am__leading_dot='.'
am__quote=''
am__tar='${AMTAR} chof - "$$tardir"'
am__untar='${AMTAR} xf -'
bindir='${exec_prefix}/bin'
build='x86_64-pc-linux-gnu'
build_alias='x86_64-pc-linux-gnu'
build_cpu='x86_64'
build_os='linux-gnu'
build_vendor='pc'
datadir='${datarootdir}'
datarootdir='${prefix}/share'
docdir='${datarootdir}/doc/${PACKAGE_TARNAME}'
dvidir='${docdir}'
exec_prefix='${prefix}'
host='x86_64-pc-linux-gnu'
host_alias=''
host_cpu='x86_64'
host_os='linux-gnu'
host_vendor='pc'
htmldir='${docdir}'
includedir='${prefix}/include'
infodir='${datarootdir}/info'
install_sh='/home/jaten/pkg/swig/svn-latest/swig/Tools/config/install-sh'
libdir='${exec_prefix}/lib'
libexecdir='${exec_prefix}/libexec'
localedir='${datarootdir}/locale'
localstatedir='${prefix}/var'
mandir='${datarootdir}/man'
mkdir_p='mkdir -p --'
oldincludedir='/usr/include'
pdfdir='${docdir}'
prefix='/opt/swig-svn-12570'
program_transform_name='s,x,x,'
psdir='${docdir}'
sbindir='${exec_prefix}/sbin'
sharedstatedir='${prefix}/com'
subdirs=' CCache'
swig_lib='${datarootdir}/swig/2.0.4'
sysconfdir='${prefix}/etc'
target_alias=''

## ----------- ##
## confdefs.h. ##
## ----------- ##

/* confdefs.h */
#define PACKAGE_NAME "swig"
#define PACKAGE_TARNAME "swig"
#define PACKAGE_VERSION "2.0.4"
#define PACKAGE_STRING "swig 2.0.4"
#define PACKAGE_BUGREPORT "http://www.swig.org"
#define PACKAGE_URL ""
#define PACKAGE "swig"
#define VERSION "2.0.4"
#define SWIG_CXX "g++"
#define SWIG_PLATFORM "x86_64-pc-linux-gnu"
#define STDC_HEADERS 1
#define HAVE_SYS_TYPES_H 1
#define HAVE_SYS_STAT_H 1
#define HAVE_STDLIB_H 1
#define HAVE_STRING_H 1
#define HAVE_MEMORY_H 1
#define HAVE_STRINGS_H 1
#define HAVE_INTTYPES_H 1
#define HAVE_STDINT_H 1
#define HAVE_UNISTD_H 1
#define HAVE_BOOL 1
#define HAVE_POPEN 1
#define HAVE_PCRE 1
#define HAVE_BOOST /**/
#define HAVE_LIBDL 1
#define SWIG_LIB "/opt/swig-svn-12570/share/swig/2.0.4"
#define SWIG_LIB_WIN_UNIX ""

configure: exit 0
